<?xml version="1.0" encoding="UTF-8"?>
<!-- Generated by org.testng.reporters.JUnitReportReporter -->
<testsuite skipped="0" hostname="Charan" name="SeleniumFirstPack.first" tests="1" failures="0" timestamp="30 Mar 2020 11:17:09 GMT" time="14.047" errors="0">
  <testcase name="launchChrome" time="14.047" classname="SeleniumFirstPack.first"/>
</testsuite> <!-- SeleniumFirstPack.first -->
